<?xml version="1.0" encoding="UTF-8"?>
<!-- Generated by org.testng.reporters.JUnitXMLReporter -->
<testsuite hostname="manju-PC" ignored="0" name="Default test" tests="1" failures="1" timestamp="11 Apr 2020 11:26:16 GMT" time="220.485" errors="0">
  <testcase name="purchaseItem" time="215.547" classname="com.ebay.testcase.EbayTestCase">
    <failure type="org.openqa.selenium.TimeoutException" message="Timed out after 60 seconds waiting for visibility of Proxy element for: DefaultElementLocator &amp;apos;By.className: android.widget.RadioButton&amp;apos;
Build info: version: &amp;apos;2.53.1&amp;apos;, revision: &amp;apos;a36b8b1cd5757287168e54b817830adce9b0158d&amp;apos;, time: &amp;apos;2016-06-30 19:26:09&amp;apos;
System info: host: &amp;apos;manju-PC&amp;apos;, ip: &amp;apos;192.168.0.106&amp;apos;, os.name: &amp;apos;Windows 7&amp;apos;, os.arch: &amp;apos;amd64&amp;apos;, os.version: &amp;apos;6.1&amp;apos;, java.version: &amp;apos;1.8.0_111&amp;apos;
Driver info: io.appium.java_client.android.AndroidDriver
Capabilities [{appPackage=com.amazon.mShop.android.shopping, statBarHeight=38, viewportRect={top=38, left=0, width=540, height=922}, fullReset=true, deviceName=9201039668c24377, platform=LINUX, deviceUDID=9201039668c24377, desired={app=C:\Users\manju\Desktop\Selenium\EbayMobileAutomation\apps\Amazon_shopping.apk, appPackage=com.amazon.mShop.android.shopping, appActivity=com.amazon.mShop.home.HomeActivity, newCommandTimeout=1500, appWaitActivity=com.amazon.mShop.home.HomeActivity, automationName=uiautomator2, unicodeKeyboard=true, platformName=Android, fullReset=true, deviceName=Android, resetKeyboard=true}, newCommandTimeout=1500, platformVersion=5.1.1, webStorageEnabled=false, automationName=uiautomator2, takesScreenshot=true, javascriptEnabled=true, unicodeKeyboard=true, platformName=Android, deviceApiLevel=22, deviceManufacturer=samsung, resetKeyboard=true, app=C:\Users\manju\Desktop\Selenium\EbayMobileAutomation\apps\Amazon_shopping.apk, deviceScreenSize=540x960, networkConnectionEnabled=true, warnings={}, appWaitActivity=com.amazon.mShop.home.HomeActivity, databaseEnabled=false, appActivity=com.amazon.mShop.home.HomeActivity, pixelRatio=1.5, locationContextEnabled=false, deviceScreenDensity=240, deviceModel=SM-J200G}]
Session ID: 5e4d7a2d-2a75-43f1-bf00-44479c54deca">
      <![CDATA[org.openqa.selenium.TimeoutException: Timed out after 60 seconds waiting for visibility of Proxy element for: DefaultElementLocator 'By.className: android.widget.RadioButton'
Build info: version: '2.53.1', revision: 'a36b8b1cd5757287168e54b817830adce9b0158d', time: '2016-06-30 19:26:09'
System info: host: 'manju-PC', ip: '192.168.0.106', os.name: 'Windows 7', os.arch: 'amd64', os.version: '6.1', java.version: '1.8.0_111'
Driver info: io.appium.java_client.android.AndroidDriver
Capabilities [{appPackage=com.amazon.mShop.android.shopping, statBarHeight=38, viewportRect={top=38, left=0, width=540, height=922}, fullReset=true, deviceName=9201039668c24377, platform=LINUX, deviceUDID=9201039668c24377, desired={app=C:\Users\manju\Desktop\Selenium\EbayMobileAutomation\apps\Amazon_shopping.apk, appPackage=com.amazon.mShop.android.shopping, appActivity=com.amazon.mShop.home.HomeActivity, newCommandTimeout=1500, appWaitActivity=com.amazon.mShop.home.HomeActivity, automationName=uiautomator2, unicodeKeyboard=true, platformName=Android, fullReset=true, deviceName=Android, resetKeyboard=true}, newCommandTimeout=1500, platformVersion=5.1.1, webStorageEnabled=false, automationName=uiautomator2, takesScreenshot=true, javascriptEnabled=true, unicodeKeyboard=true, platformName=Android, deviceApiLevel=22, deviceManufacturer=samsung, resetKeyboard=true, app=C:\Users\manju\Desktop\Selenium\EbayMobileAutomation\apps\Amazon_shopping.apk, deviceScreenSize=540x960, networkConnectionEnabled=true, warnings={}, appWaitActivity=com.amazon.mShop.home.HomeActivity, databaseEnabled=false, appActivity=com.amazon.mShop.home.HomeActivity, pixelRatio=1.5, locationContextEnabled=false, deviceScreenDensity=240, deviceModel=SM-J200G}]
Session ID: 5e4d7a2d-2a75-43f1-bf00-44479c54deca
at org.openqa.selenium.support.ui.WebDriverWait.timeoutException(WebDriverWait.java:80)
at org.openqa.selenium.support.ui.FluentWait.until(FluentWait.java:261)
at com.base.BaseSuite.waitForElement(BaseSuite.java:203)
at com.ebay.page.EbayAppPage.selectLanguage(EbayAppPage.java:303)
at com.ebay.page.EbayAppPage.searchPurchaseItem(EbayAppPage.java:149)
at com.ebay.api.AppFlowImpl.purchaseItem(AppFlowImpl.java:34)
at com.ebay.testcase.EbayTestCase.purchaseItem(EbayTestCase.java:60)
at sun.reflect.NativeMethodAccessorImpl.invoke0(Native Method)
at sun.reflect.NativeMethodAccessorImpl.invoke(NativeMethodAccessorImpl.java:62)
at sun.reflect.DelegatingMethodAccessorImpl.invoke(DelegatingMethodAccessorImpl.java:43)
at java.lang.reflect.Method.invoke(Method.java:498)
at org.testng.internal.MethodInvocationHelper.invokeMethod(MethodInvocationHelper.java:124)
at org.testng.internal.Invoker.invokeMethod(Invoker.java:583)
at org.testng.internal.Invoker.invokeTestMethod(Invoker.java:719)
at org.testng.internal.Invoker.invokeTestMethods(Invoker.java:989)
at org.testng.internal.TestMethodWorker.invokeTestMethods(TestMethodWorker.java:125)
at org.testng.internal.TestMethodWorker.run(TestMethodWorker.java:109)
at org.testng.TestRunner.privateRun(TestRunner.java:648)
at org.testng.TestRunner.run(TestRunner.java:505)
at org.testng.SuiteRunner.runTest(SuiteRunner.java:455)
at org.testng.SuiteRunner.runSequentially(SuiteRunner.java:450)
at org.testng.SuiteRunner.privateRun(SuiteRunner.java:415)
at org.testng.SuiteRunner.run(SuiteRunner.java:364)
at org.testng.SuiteRunnerWorker.runSuite(SuiteRunnerWorker.java:52)
at org.testng.SuiteRunnerWorker.run(SuiteRunnerWorker.java:84)
at org.testng.TestNG.runSuitesSequentially(TestNG.java:1208)
at org.testng.TestNG.runSuitesLocally(TestNG.java:1137)
at org.testng.TestNG.runSuites(TestNG.java:1049)
at org.testng.TestNG.run(TestNG.java:1017)
at org.testng.remote.AbstractRemoteTestNG.run(AbstractRemoteTestNG.java:114)
at org.testng.remote.RemoteTestNG.initAndRun(RemoteTestNG.java:251)
at org.testng.remote.RemoteTestNG.main(RemoteTestNG.java:77)
Caused by: org.openqa.selenium.NoSuchElementException: An element could not be located on the page using the given search parameters. (WARNING: The server did not provide any stacktrace information)
Command duration or timeout: 122 milliseconds
For documentation on this error, please visit: http://seleniumhq.org/exceptions/no_such_element.html
Build info: version: '2.53.1', revision: 'a36b8b1cd5757287168e54b817830adce9b0158d', time: '2016-06-30 19:26:09'
System info: host: 'manju-PC', ip: '192.168.0.106', os.name: 'Windows 7', os.arch: 'amd64', os.version: '6.1', java.version: '1.8.0_111'
Driver info: io.appium.java_client.android.AndroidDriver
Capabilities [{appPackage=com.amazon.mShop.android.shopping, statBarHeight=38, viewportRect={top=38, left=0, width=540, height=922}, fullReset=true, deviceName=9201039668c24377, platform=LINUX, deviceUDID=9201039668c24377, desired={app=C:\Users\manju\Desktop\Selenium\EbayMobileAutomation\apps\Amazon_shopping.apk, appPackage=com.amazon.mShop.android.shopping, appActivity=com.amazon.mShop.home.HomeActivity, newCommandTimeout=1500, appWaitActivity=com.amazon.mShop.home.HomeActivity, automationName=uiautomator2, unicodeKeyboard=true, platformName=Android, fullReset=true, deviceName=Android, resetKeyboard=true}, newCommandTimeout=1500, platformVersion=5.1.1, webStorageEnabled=false, automationName=uiautomator2, takesScreenshot=true, javascriptEnabled=true, unicodeKeyboard=true, platformName=Android, deviceApiLevel=22, deviceManufacturer=samsung, resetKeyboard=true, app=C:\Users\manju\Desktop\Selenium\EbayMobileAutomation\apps\Amazon_shopping.apk, deviceScreenSize=540x960, networkConnectionEnabled=true, warnings={}, appWaitActivity=com.amazon.mShop.home.HomeActivity, databaseEnabled=false, appActivity=com.amazon.mShop.home.HomeActivity, pixelRatio=1.5, locationContextEnabled=false, deviceScreenDensity=240, deviceModel=SM-J200G}]
Session ID: 5e4d7a2d-2a75-43f1-bf00-44479c54deca
*** Element info: {Using=class name, value=android.widget.RadioButton}
at sun.reflect.GeneratedConstructorAccessor18.newInstance(Unknown Source)
at sun.reflect.DelegatingConstructorAccessorImpl.newInstance(DelegatingConstructorAccessorImpl.java:45)
at java.lang.reflect.Constructor.newInstance(Constructor.java:423)
at org.openqa.selenium.remote.ErrorHandler.createThrowable(ErrorHandler.java:206)
at org.openqa.selenium.remote.ErrorHandler.throwIfResponseFailed(ErrorHandler.java:158)
at org.openqa.selenium.remote.RemoteWebDriver.execute(RemoteWebDriver.java:678)
at io.appium.java_client.DefaultGenericMobileDriver.execute(DefaultGenericMobileDriver.java:42)
at io.appium.java_client.AppiumDriver.execute(AppiumDriver.java:1)
at io.appium.java_client.android.AndroidDriver.execute(AndroidDriver.java:1)
at org.openqa.selenium.remote.RemoteWebDriver.findElement(RemoteWebDriver.java:363)
at org.openqa.selenium.remote.RemoteWebDriver.findElementByClassName(RemoteWebDriver.java:477)
at io.appium.java_client.DefaultGenericMobileDriver.findElementByClassName(DefaultGenericMobileDriver.java:110)
at io.appium.java_client.AppiumDriver.findElementByClassName(AppiumDriver.java:1)
at io.appium.java_client.android.AndroidDriver.findElementByClassName(AndroidDriver.java:1)
at org.openqa.selenium.By$ByClassName.findElement(By.java:391)
at org.openqa.selenium.remote.RemoteWebDriver.findElement(RemoteWebDriver.java:355)
at io.appium.java_client.DefaultGenericMobileDriver.findElement(DefaultGenericMobileDriver.java:52)
at io.appium.java_client.AppiumDriver.findElement(AppiumDriver.java:1)
at io.appium.java_client.android.AndroidDriver.findElement(AndroidDriver.java:1)
at org.openqa.selenium.support.pagefactory.DefaultElementLocator.findElement(DefaultElementLocator.java:69)
at org.openqa.selenium.support.pagefactory.internal.LocatingElementHandler.invoke(LocatingElementHandler.java:38)
at com.sun.proxy.$Proxy16.isDisplayed(Unknown Source)
at org.openqa.selenium.support.ui.ExpectedConditions.elementIfVisible(ExpectedConditions.java:302)
at org.openqa.selenium.support.ui.ExpectedConditions.access$100(ExpectedConditions.java:41)
at org.openqa.selenium.support.ui.ExpectedConditions$10.apply(ExpectedConditions.java:288)
at org.openqa.selenium.support.ui.ExpectedConditions$10.apply(ExpectedConditions.java:285)
at org.openqa.selenium.support.ui.FluentWait.until(FluentWait.java:238)
... 30 more
]]>
    </failure>
  </testcase> <!-- purchaseItem -->
</testsuite> <!-- Default test -->
