<?xml version="1.0" encoding="UTF-8"?>
<testng-results skipped="0" failed="0" ignored="0" total="1" passed="1">
  <reporter-output>
  </reporter-output>
  <suite name="EbayAutomation" duration-ms="550568" started-at="2020-04-11T12:33:23Z" finished-at="2020-04-11T12:42:33Z">
    <groups>
    </groups>
    <test name="purchaseItem" duration-ms="550568" started-at="2020-04-11T12:33:23Z" finished-at="2020-04-11T12:42:33Z">
      <class name="com.ebay.testcase.EbayTestCase">
        <test-method status="PASS" signature="extentReport()[pri:0, instance:com.ebay.testcase.EbayTestCase@7164ca4c]" name="extentReport" is-config="true" duration-ms="566" started-at="2020-04-11T12:33:23Z" finished-at="2020-04-11T12:33:23Z">
          <reporter-output>
          </reporter-output>
        </test-method> <!-- extentReport -->
        <test-method status="PASS" signature="purchaseItem(java.lang.reflect.Method, java.lang.String, java.lang.String, java.lang.String, java.lang.String, java.lang.String, java.lang.String, java.lang.String, java.lang.String)[pri:0, instance:com.ebay.testcase.EbayTestCase@7164ca4c]" name="purchaseItem" duration-ms="533808" started-at="2020-04-11T12:33:25Z" data-provider="purchaseItemDataProvider" finished-at="2020-04-11T12:42:19Z">
          <params>
            <param index="0">
              <value>
                <![CDATA[public void com.ebay.testcase.EbayTestCase.purchaseItem(java.lang.reflect.Method,java.lang.String,java.lang.String,java.lang.String,java.lang.String,java.lang.String,java.lang.String,java.lang.String,java.lang.String)]]>
              </value>
            </param>
            <param index="1">
              <value>
                <![CDATA[8220300781]]>
              </value>
            </param>
            <param index="2">
              <value>
                <![CDATA[Vinodhan@1993]]>
              </value>
            </param>
            <param index="3">
              <value>
                <![CDATA[English - EN]]>
              </value>
            </param>
            <param index="4">
              <value>
                <![CDATA[560037]]>
              </value>
            </param>
            <param index="5">
              <value>
                <![CDATA[oil]]>
              </value>
            </param>
            <param index="6">
              <value>
                <![CDATA[DiSano Extra Light Olive Oil, Ideal for Indian Cooking, 5L]]>
              </value>
            </param>
            <param index="7">
              <value>
                <![CDATA[Purchase an item based on user's choice]]>
              </value>
            </param>
            <param index="8">
              <value>
                <![CDATA[Purchase Product]]>
              </value>
            </param>
          </params>
          <reporter-output>
          </reporter-output>
        </test-method> <!-- purchaseItem -->
        <test-method status="PASS" signature="completeTestCase()[pri:0, instance:com.ebay.testcase.EbayTestCase@7164ca4c]" name="completeTestCase" is-config="true" duration-ms="10795" started-at="2020-04-11T12:42:22Z" finished-at="2020-04-11T12:42:33Z">
          <reporter-output>
          </reporter-output>
        </test-method> <!-- completeTestCase -->
      </class> <!-- com.ebay.testcase.EbayTestCase -->
    </test> <!-- purchaseItem -->
  </suite> <!-- EbayAutomation -->
</testng-results>
