<?xml version="1.0" encoding="UTF-8"?>
<testng-results skipped="0" failed="1" ignored="0" total="1" passed="0">
  <reporter-output>
  </reporter-output>
  <suite name="EbayAutomation" duration-ms="162451" started-at="2020-04-10T15:26:03Z" finished-at="2020-04-10T15:28:45Z">
    <groups>
    </groups>
    <test name="purchaseItem" duration-ms="162451" started-at="2020-04-10T15:26:03Z" finished-at="2020-04-10T15:28:45Z">
      <class name="com.ebay.testcase.EbayTestCase">
        <test-method status="PASS" signature="extendReport()[pri:0, instance:com.ebay.testcase.EbayTestCase@1fa268de]" name="extendReport" is-config="true" duration-ms="364" started-at="2020-04-10T15:26:02Z" finished-at="2020-04-10T15:26:03Z">
          <reporter-output>
          </reporter-output>
        </test-method> <!-- extendReport -->
        <test-method status="FAIL" signature="purchaseItem(java.lang.reflect.Method, java.lang.String, java.lang.String, java.lang.String, java.lang.String, java.lang.String, java.lang.String)[pri:0, instance:com.ebay.testcase.EbayTestCase@1fa268de]" name="purchaseItem" duration-ms="160731" started-at="2020-04-10T15:26:04Z" data-provider="purchaseItemDataProvider" finished-at="2020-04-10T15:28:45Z">
          <params>
            <param index="0">
              <value>
                <![CDATA[public void com.ebay.testcase.EbayTestCase.purchaseItem(java.lang.reflect.Method,java.lang.String,java.lang.String,java.lang.String,java.lang.String,java.lang.String,java.lang.String)]]>
              </value>
            </param>
            <param index="1">
              <value>
                <![CDATA[8220300781]]>
              </value>
            </param>
            <param index="2">
              <value>
                <![CDATA[Vinodhan@1993]]>
              </value>
            </param>
            <param index="3">
              <value>
                <![CDATA[English - EN]]>
              </value>
            </param>
            <param index="4">
              <value>
                <![CDATA[560037]]>
              </value>
            </param>
            <param index="5">
              <value>
                <![CDATA[oil]]>
              </value>
            </param>
            <param index="6">
              <value>
                <![CDATA[DiSano Extra Light Olive Oil, Ideal for Indian Cooking, 5L]]>
              </value>
            </param>
          </params>
          <exception class="org.openqa.selenium.WebDriverException">
            <message>
              <![CDATA[An unknown server-side error occurred while processing the command. Original error: Cannot start the 'com.amazon.mShop.android.shopping' application. Visit https://github.com/appium/appium/blob/master/docs/en/writing-running-appium/android/activity-startup.md for troubleshooting. Original error: 'com.amazon.mShop.home.HomeActivity' or 'com.amazon.mShop.android.shopping.com.amazon.mShop.home.HomeActivity' never started. Visit https://github.com/appium/appium/blob/master/docs/en/writing-running-appium/android/activity-startup.md for troubleshooting (WARNING: The server did not provide any stacktrace information)
Command duration or timeout: 150.97 seconds
Build info: version: '2.53.1', revision: 'a36b8b1cd5757287168e54b817830adce9b0158d', time: '2016-06-30 19:26:09'
System info: host: 'manju-PC', ip: '192.168.0.106', os.name: 'Windows 7', os.arch: 'amd64', os.version: '6.1', java.version: '1.8.0_111'
Driver info: io.appium.java_client.android.AndroidDriver]]>
            </message>
            <full-stacktrace>
              <![CDATA[org.openqa.selenium.WebDriverException: An unknown server-side error occurred while processing the command. Original error: Cannot start the 'com.amazon.mShop.android.shopping' application. Visit https://github.com/appium/appium/blob/master/docs/en/writing-running-appium/android/activity-startup.md for troubleshooting. Original error: 'com.amazon.mShop.home.HomeActivity' or 'com.amazon.mShop.android.shopping.com.amazon.mShop.home.HomeActivity' never started. Visit https://github.com/appium/appium/blob/master/docs/en/writing-running-appium/android/activity-startup.md for troubleshooting (WARNING: The server did not provide any stacktrace information)
Command duration or timeout: 150.97 seconds
Build info: version: '2.53.1', revision: 'a36b8b1cd5757287168e54b817830adce9b0158d', time: '2016-06-30 19:26:09'
System info: host: 'manju-PC', ip: '192.168.0.106', os.name: 'Windows 7', os.arch: 'amd64', os.version: '6.1', java.version: '1.8.0_111'
Driver info: io.appium.java_client.android.AndroidDriver
at sun.reflect.NativeConstructorAccessorImpl.newInstance0(Native Method)
at sun.reflect.NativeConstructorAccessorImpl.newInstance(NativeConstructorAccessorImpl.java:62)
at sun.reflect.DelegatingConstructorAccessorImpl.newInstance(DelegatingConstructorAccessorImpl.java:45)
at java.lang.reflect.Constructor.newInstance(Constructor.java:423)
at org.openqa.selenium.remote.ErrorHandler.createThrowable(ErrorHandler.java:206)
at org.openqa.selenium.remote.ErrorHandler.throwIfResponseFailed(ErrorHandler.java:158)
at org.openqa.selenium.remote.RemoteWebDriver.execute(RemoteWebDriver.java:678)
at io.appium.java_client.DefaultGenericMobileDriver.execute(DefaultGenericMobileDriver.java:42)
at io.appium.java_client.AppiumDriver.execute(AppiumDriver.java:1)
at io.appium.java_client.android.AndroidDriver.execute(AndroidDriver.java:1)
at org.openqa.selenium.remote.RemoteWebDriver.startSession(RemoteWebDriver.java:249)
at org.openqa.selenium.remote.RemoteWebDriver.<init>(RemoteWebDriver.java:131)
at org.openqa.selenium.remote.RemoteWebDriver.<init>(RemoteWebDriver.java:144)
at io.appium.java_client.DefaultGenericMobileDriver.<init>(DefaultGenericMobileDriver.java:37)
at io.appium.java_client.AppiumDriver.<init>(AppiumDriver.java:162)
at io.appium.java_client.AppiumDriver.<init>(AppiumDriver.java:171)
at io.appium.java_client.android.AndroidDriver.<init>(AndroidDriver.java:72)
at com.base.AppiumDriverFactory.getAppiumDriver(AppiumDriverFactory.java:129)
at com.ebay.page.EbayAppPage.<init>(EbayAppPage.java:28)
at com.ebay.api.AppFlowImpl.purchaseItem(AppFlowImpl.java:21)
at com.ebay.testcase.EbayTestCase.purchaseItem(EbayTestCase.java:33)
at sun.reflect.NativeMethodAccessorImpl.invoke0(Native Method)
at sun.reflect.NativeMethodAccessorImpl.invoke(NativeMethodAccessorImpl.java:62)
at sun.reflect.DelegatingMethodAccessorImpl.invoke(DelegatingMethodAccessorImpl.java:43)
at java.lang.reflect.Method.invoke(Method.java:498)
at org.testng.internal.MethodInvocationHelper.invokeMethod(MethodInvocationHelper.java:124)
at org.testng.internal.Invoker.invokeMethod(Invoker.java:583)
at org.testng.internal.Invoker.invokeTestMethod(Invoker.java:719)
at org.testng.internal.Invoker.invokeTestMethods(Invoker.java:989)
at org.testng.internal.TestMethodWorker.invokeTestMethods(TestMethodWorker.java:125)
at org.testng.internal.TestMethodWorker.run(TestMethodWorker.java:109)
at org.testng.TestRunner.privateRun(TestRunner.java:648)
at org.testng.TestRunner.run(TestRunner.java:505)
at org.testng.SuiteRunner.runTest(SuiteRunner.java:455)
at org.testng.SuiteRunner.runSequentially(SuiteRunner.java:450)
at org.testng.SuiteRunner.privateRun(SuiteRunner.java:415)
at org.testng.SuiteRunner.run(SuiteRunner.java:364)
at org.testng.SuiteRunnerWorker.runSuite(SuiteRunnerWorker.java:52)
at org.testng.SuiteRunnerWorker.run(SuiteRunnerWorker.java:84)
at org.testng.TestNG.runSuitesSequentially(TestNG.java:1208)
at org.testng.TestNG.runSuitesLocally(TestNG.java:1137)
at org.testng.TestNG.runSuites(TestNG.java:1049)
at org.testng.TestNG.run(TestNG.java:1017)
at org.testng.remote.AbstractRemoteTestNG.run(AbstractRemoteTestNG.java:114)
at org.testng.remote.RemoteTestNG.initAndRun(RemoteTestNG.java:251)
at org.testng.remote.RemoteTestNG.main(RemoteTestNG.java:77)
]]>
            </full-stacktrace>
          </exception> <!-- org.openqa.selenium.WebDriverException -->
          <reporter-output>
          </reporter-output>
        </test-method> <!-- purchaseItem -->
      </class> <!-- com.ebay.testcase.EbayTestCase -->
    </test> <!-- purchaseItem -->
  </suite> <!-- EbayAutomation -->
</testng-results>
